<?xml version="1.0" encoding="UTF-8"?>
<robot generator="Robot 4.0.3 (Python 3.9.5 on linux)" generated="20210611 18:29:13.812" rpa="false" schemaversion="2">
<suite id="s1" name="TestProcedural" source="/home/brenoalves/Documentos/Curso Robot Framework/tests/TestProcedural.robot">
<test id="s1-t1" name="Caso de Teste 01: Pesquisar produto existente">
<kw name="Abrir o navegador" library="Resource" type="SETUP">
<kw name="Open Browser" library="SeleniumLibrary">
<arg>about:blank</arg>
<arg>${BROWSER}</arg>
<doc>Opens a new browser instance to the optional ``url``.</doc>
<msg timestamp="20210611 18:29:13.994" level="INFO">Opening browser 'chrome' to base url 'about:blank'.</msg>
<status status="PASS" starttime="20210611 18:29:13.994" endtime="20210611 18:29:15.617"/>
</kw>
<status status="PASS" starttime="20210611 18:29:13.993" endtime="20210611 18:29:15.618"/>
</kw>
<kw name="Acessar a página inicial do site" library="Resource">
<kw name="Go To" library="SeleniumLibrary">
<arg>${URL}</arg>
<doc>Navigates the current browser window to the provided ``url``.</doc>
<msg timestamp="20210611 18:29:15.622" level="INFO">Opening url 'http://automationpractice.com/'</msg>
<status status="PASS" starttime="20210611 18:29:15.621" endtime="20210611 18:29:21.854"/>
</kw>
<kw name="Title Should Be" library="SeleniumLibrary">
<arg>My Store</arg>
<doc>Verifies that the current page title equals ``title``.</doc>
<msg timestamp="20210611 18:29:21.861" level="INFO">Page title is 'My Store'.</msg>
<status status="PASS" starttime="20210611 18:29:21.854" endtime="20210611 18:29:21.861"/>
</kw>
<status status="PASS" starttime="20210611 18:29:15.619" endtime="20210611 18:29:21.861"/>
</kw>
<kw name="Digitar o nome do produto &quot;Blouse&quot; no campo de pesquisa" library="Resource" sourcename="Digitar o nome do produto &quot;${PRODUCT}&quot; no campo de pesquisa">
<kw name="Input Text" library="SeleniumLibrary">
<arg>id=search_query_top</arg>
<arg>${PRODUCT}</arg>
<doc>Types the given ``text`` into the text field identified by ``locator``.</doc>
<msg timestamp="20210611 18:29:21.864" level="INFO">Typing text 'Blouse' into text field 'id=search_query_top'.</msg>
<status status="PASS" starttime="20210611 18:29:21.863" endtime="20210611 18:29:21.995"/>
</kw>
<status status="PASS" starttime="20210611 18:29:21.862" endtime="20210611 18:29:21.995"/>
</kw>
<kw name="Clicar no botão pesquisar" library="Resource">
<kw name="Click Button" library="SeleniumLibrary">
<arg>name=submit_search</arg>
<doc>Clicks the button identified by ``locator``.</doc>
<msg timestamp="20210611 18:29:21.998" level="INFO">Clicking button 'name=submit_search'.</msg>
<status status="PASS" starttime="20210611 18:29:21.997" endtime="20210611 18:29:22.148"/>
</kw>
<status status="PASS" starttime="20210611 18:29:21.996" endtime="20210611 18:29:22.149"/>
</kw>
<kw name="Conferir se o produto &quot;Blouse&quot; foi listado no site" library="Resource" sourcename="Conferir se o produto &quot;${PRODUCT}&quot; foi listado no site">
<kw name="Wait Until Element Is Visible" library="SeleniumLibrary">
<arg>class=page-heading</arg>
<doc>Waits until the element ``locator`` is visible.</doc>
<status status="PASS" starttime="20210611 18:29:22.151" endtime="20210611 18:29:24.065"/>
</kw>
<kw name="Title Should Be" library="SeleniumLibrary">
<arg>Search - My Store</arg>
<doc>Verifies that the current page title equals ``title``.</doc>
<msg timestamp="20210611 18:29:24.069" level="INFO">Page title is 'Search - My Store'.</msg>
<status status="PASS" starttime="20210611 18:29:24.065" endtime="20210611 18:29:24.069"/>
</kw>
<kw name="Page Should Contain Image" library="SeleniumLibrary">
<arg>xpath=//*[@src="${URL}img/p/7/7-home_default.jpg"]</arg>
<doc>Verifies image identified by ``locator`` is found from current page.</doc>
<msg timestamp="20210611 18:29:24.087" level="INFO">Current page contains image 'xpath=//*[@src="http://automationpractice.com/img/p/7/7-home_default.jpg"]'.</msg>
<status status="PASS" starttime="20210611 18:29:24.069" endtime="20210611 18:29:24.087"/>
</kw>
<kw name="Page Should Contain Link" library="SeleniumLibrary">
<arg>xpath=//*[@id="center_column"]//a[@class="product-name"][contains(text(),"${PRODUCT}")]</arg>
<doc>Verifies link identified by ``locator`` is found from current page.</doc>
<msg timestamp="20210611 18:29:24.105" level="INFO">Current page contains link 'xpath=//*[@id="center_column"]//a[@class="product-name"][contains(text(),"Blouse")]'.</msg>
<status status="PASS" starttime="20210611 18:29:24.087" endtime="20210611 18:29:24.105"/>
</kw>
<status status="PASS" starttime="20210611 18:29:22.150" endtime="20210611 18:29:24.105"/>
</kw>
<kw name="Fechar o navegador" library="Resource" type="TEARDOWN">
<kw name="Close Browser" library="SeleniumLibrary">
<doc>Closes the current browser.</doc>
<status status="PASS" starttime="20210611 18:29:24.106" endtime="20210611 18:29:24.173"/>
</kw>
<status status="PASS" starttime="20210611 18:29:24.106" endtime="20210611 18:29:24.174"/>
</kw>
<status status="PASS" starttime="20210611 18:29:13.992" endtime="20210611 18:29:24.174"/>
</test>
<test id="s1-t2" name="Caso de Teste 02: Pesquisar produto não existente">
<kw name="Abrir o navegador" library="Resource" type="SETUP">
<kw name="Open Browser" library="SeleniumLibrary">
<arg>about:blank</arg>
<arg>${BROWSER}</arg>
<doc>Opens a new browser instance to the optional ``url``.</doc>
<msg timestamp="20210611 18:29:24.188" level="INFO">Opening browser 'chrome' to base url 'about:blank'.</msg>
<status status="PASS" starttime="20210611 18:29:24.187" endtime="20210611 18:29:25.781"/>
</kw>
<status status="PASS" starttime="20210611 18:29:24.185" endtime="20210611 18:29:25.782"/>
</kw>
<kw name="Acessar a página inicial do site" library="Resource">
<kw name="Go To" library="SeleniumLibrary">
<arg>${URL}</arg>
<doc>Navigates the current browser window to the provided ``url``.</doc>
<msg timestamp="20210611 18:29:25.784" level="INFO">Opening url 'http://automationpractice.com/'</msg>
<status status="PASS" starttime="20210611 18:29:25.783" endtime="20210611 18:29:30.154"/>
</kw>
<kw name="Title Should Be" library="SeleniumLibrary">
<arg>My Store</arg>
<doc>Verifies that the current page title equals ``title``.</doc>
<msg timestamp="20210611 18:29:30.162" level="INFO">Page title is 'My Store'.</msg>
<status status="PASS" starttime="20210611 18:29:30.155" endtime="20210611 18:29:30.163"/>
</kw>
<status status="PASS" starttime="20210611 18:29:25.782" endtime="20210611 18:29:30.163"/>
</kw>
<kw name="Digitar o nome do produto &quot;itemNãoExistente&quot; no campo de pesquisa" library="Resource" sourcename="Digitar o nome do produto &quot;${PRODUCT}&quot; no campo de pesquisa">
<kw name="Input Text" library="SeleniumLibrary">
<arg>id=search_query_top</arg>
<arg>${PRODUCT}</arg>
<doc>Types the given ``text`` into the text field identified by ``locator``.</doc>
<msg timestamp="20210611 18:29:30.164" level="INFO">Typing text 'itemNãoExistente' into text field 'id=search_query_top'.</msg>
<status status="PASS" starttime="20210611 18:29:30.164" endtime="20210611 18:29:30.315"/>
</kw>
<status status="PASS" starttime="20210611 18:29:30.163" endtime="20210611 18:29:30.316"/>
</kw>
<kw name="Clicar no botão pesquisar" library="Resource">
<kw name="Click Button" library="SeleniumLibrary">
<arg>name=submit_search</arg>
<doc>Clicks the button identified by ``locator``.</doc>
<msg timestamp="20210611 18:29:30.318" level="INFO">Clicking button 'name=submit_search'.</msg>
<status status="PASS" starttime="20210611 18:29:30.318" endtime="20210611 18:29:32.362"/>
</kw>
<status status="PASS" starttime="20210611 18:29:30.317" endtime="20210611 18:29:32.362"/>
</kw>
<kw name="Conferir mensagem de erro &quot;No results were found for your search &quot;itemNãoExistente&quot;&quot;" library="Resource" sourcename="Conferir mensagem de erro &quot;${ERROR}&quot;">
<kw name="Wait Until Element Is Visible" library="SeleniumLibrary">
<arg>xpath=//*[@id="center_column"]/p[@class="alert alert-warning"]</arg>
<doc>Waits until the element ``locator`` is visible.</doc>
<status status="PASS" starttime="20210611 18:29:32.363" endtime="20210611 18:29:32.407"/>
</kw>
<kw name="Element Text Should Be" library="SeleniumLibrary">
<arg>xpath=//*[@id="center_column"]/p[@class="alert alert-warning"]</arg>
<arg>${ERROR}</arg>
<doc>Verifies that element ``locator`` contains exact the text ``expected``.</doc>
<msg timestamp="20210611 18:29:32.408" level="INFO">Verifying element 'xpath=//*[@id="center_column"]/p[@class="alert alert-warning"]' contains exact text 'No results were found for your search "itemNãoExistente"'.</msg>
<status status="PASS" starttime="20210611 18:29:32.408" endtime="20210611 18:29:32.430"/>
</kw>
<status status="PASS" starttime="20210611 18:29:32.362" endtime="20210611 18:29:32.430"/>
</kw>
<kw name="Fechar o navegador" library="Resource" type="TEARDOWN">
<kw name="Close Browser" library="SeleniumLibrary">
<doc>Closes the current browser.</doc>
<status status="PASS" starttime="20210611 18:29:32.431" endtime="20210611 18:29:32.512"/>
</kw>
<status status="PASS" starttime="20210611 18:29:32.431" endtime="20210611 18:29:32.513"/>
</kw>
<status status="PASS" starttime="20210611 18:29:24.183" endtime="20210611 18:29:32.513"/>
</test>
<status status="PASS" starttime="20210611 18:29:13.814" endtime="20210611 18:29:32.516"/>
</suite>
<statistics>
<total>
<stat pass="2" fail="0" skip="0">All Tests</stat>
</total>
<tag>
</tag>
<suite>
<stat pass="2" fail="0" skip="0" id="s1" name="TestProcedural">TestProcedural</stat>
</suite>
</statistics>
<errors>
</errors>
</robot>
