<?xml version="1.0" encoding="UTF-8"?>
<robot generator="Robot 4.0.3 (Python 3.9.5 on linux)" generated="20210615 17:31:46.711" rpa="false" schemaversion="2">
<suite id="s1" name="TestProcedural" source="/home/brenoalves/Documentos/Curso Robot Framework/tests/TestProcedural.robot">
<test id="s1-t1" name="Caso de Teste 01: Pesquisar produto existente">
<kw name="Abrir o navegador" library="Resource" type="SETUP">
<kw name="Open Browser" library="SeleniumLibrary">
<arg>about:blank</arg>
<arg>${BROWSER}</arg>
<doc>Opens a new browser instance to the optional ``url``.</doc>
<msg timestamp="20210615 17:31:46.887" level="INFO">Opening browser 'firefox' to base url 'about:blank'.</msg>
<msg timestamp="20210615 17:31:46.888" level="INFO">Firefox driver log is always forced to to: /home/brenoalves/Documentos/Curso Robot Framework/results/geckodriver-160.log</msg>
<status status="PASS" starttime="20210615 17:31:46.886" endtime="20210615 17:31:49.720"/>
</kw>
<status status="PASS" starttime="20210615 17:31:46.886" endtime="20210615 17:31:49.721"/>
</kw>
<kw name="Acessar a página inicial do site" library="Resource">
<kw name="Go To" library="SeleniumLibrary">
<arg>${URL}</arg>
<doc>Navigates the current browser window to the provided ``url``.</doc>
<msg timestamp="20210615 17:31:49.722" level="INFO">Opening url 'http://automationpractice.com/'</msg>
<status status="PASS" starttime="20210615 17:31:49.722" endtime="20210615 17:31:53.459"/>
</kw>
<kw name="Title Should Be" library="SeleniumLibrary">
<arg>My Store</arg>
<doc>Verifies that the current page title equals ``title``.</doc>
<msg timestamp="20210615 17:31:53.468" level="INFO">Page title is 'My Store'.</msg>
<status status="PASS" starttime="20210615 17:31:53.459" endtime="20210615 17:31:53.468"/>
</kw>
<status status="PASS" starttime="20210615 17:31:49.721" endtime="20210615 17:31:53.468"/>
</kw>
<kw name="Digitar o nome do produto &quot;Blouse&quot; no campo de pesquisa" library="Resource" sourcename="Digitar o nome do produto &quot;${PRODUCT}&quot; no campo de pesquisa">
<kw name="Input Text" library="SeleniumLibrary">
<arg>id=search_query_top</arg>
<arg>${PRODUCT}</arg>
<doc>Types the given ``text`` into the text field identified by ``locator``.</doc>
<msg timestamp="20210615 17:31:53.469" level="INFO">Typing text 'Blouse' into text field 'id=search_query_top'.</msg>
<status status="PASS" starttime="20210615 17:31:53.469" endtime="20210615 17:31:53.521"/>
</kw>
<status status="PASS" starttime="20210615 17:31:53.468" endtime="20210615 17:31:53.521"/>
</kw>
<kw name="Clicar no botão pesquisar" library="Resource">
<kw name="Click Button" library="SeleniumLibrary">
<arg>name=submit_search</arg>
<doc>Clicks the button identified by ``locator``.</doc>
<msg timestamp="20210615 17:31:53.522" level="INFO">Clicking button 'name=submit_search'.</msg>
<status status="PASS" starttime="20210615 17:31:53.522" endtime="20210615 17:31:54.681"/>
</kw>
<status status="PASS" starttime="20210615 17:31:53.521" endtime="20210615 17:31:54.681"/>
</kw>
<kw name="Conferir se o produto &quot;Blouse&quot; foi listado no site" library="Resource" sourcename="Conferir se o produto &quot;${PRODUCT}&quot; foi listado no site">
<kw name="Wait Until Element Is Visible" library="SeleniumLibrary">
<arg>class=page-heading</arg>
<doc>Waits until the element ``locator`` is visible.</doc>
<status status="PASS" starttime="20210615 17:31:54.683" endtime="20210615 17:31:54.733"/>
</kw>
<kw name="Title Should Be" library="SeleniumLibrary">
<arg>Search - My Store</arg>
<doc>Verifies that the current page title equals ``title``.</doc>
<msg timestamp="20210615 17:31:54.739" level="INFO">Page title is 'Search - My Store'.</msg>
<status status="PASS" starttime="20210615 17:31:54.734" endtime="20210615 17:31:54.739"/>
</kw>
<kw name="Page Should Contain Image" library="SeleniumLibrary">
<arg>xpath=//*[@src="${URL}img/p/7/7-home_default.jpg"]</arg>
<doc>Verifies image identified by ``locator`` is found from current page.</doc>
<msg timestamp="20210615 17:31:54.758" level="INFO">Current page contains image 'xpath=//*[@src="http://automationpractice.com/img/p/7/7-home_default.jpg"]'.</msg>
<status status="PASS" starttime="20210615 17:31:54.740" endtime="20210615 17:31:54.758"/>
</kw>
<kw name="Page Should Contain Link" library="SeleniumLibrary">
<arg>xpath=//*[@id="center_column"]//a[@class="product-name"][contains(text(),"${PRODUCT}")]</arg>
<doc>Verifies link identified by ``locator`` is found from current page.</doc>
<msg timestamp="20210615 17:31:54.766" level="INFO">Current page contains link 'xpath=//*[@id="center_column"]//a[@class="product-name"][contains(text(),"Blouse")]'.</msg>
<status status="PASS" starttime="20210615 17:31:54.758" endtime="20210615 17:31:54.766"/>
</kw>
<status status="PASS" starttime="20210615 17:31:54.682" endtime="20210615 17:31:54.767"/>
</kw>
<kw name="Fechar o navegador" library="Resource" type="TEARDOWN">
<kw name="Close Browser" library="SeleniumLibrary">
<doc>Closes the current browser.</doc>
<status status="PASS" starttime="20210615 17:31:54.768" endtime="20210615 17:31:55.504"/>
</kw>
<status status="PASS" starttime="20210615 17:31:54.767" endtime="20210615 17:31:55.504"/>
</kw>
<status status="PASS" starttime="20210615 17:31:46.885" endtime="20210615 17:31:55.504"/>
</test>
<test id="s1-t2" name="Caso de Teste 02: Pesquisar produto não existente">
<kw name="Abrir o navegador" library="Resource" type="SETUP">
<kw name="Open Browser" library="SeleniumLibrary">
<arg>about:blank</arg>
<arg>${BROWSER}</arg>
<doc>Opens a new browser instance to the optional ``url``.</doc>
<msg timestamp="20210615 17:31:55.506" level="INFO">Opening browser 'firefox' to base url 'about:blank'.</msg>
<msg timestamp="20210615 17:31:55.508" level="INFO">Firefox driver log is always forced to to: /home/brenoalves/Documentos/Curso Robot Framework/results/geckodriver-161.log</msg>
<status status="PASS" starttime="20210615 17:31:55.506" endtime="20210615 17:31:59.222"/>
</kw>
<status status="PASS" starttime="20210615 17:31:55.506" endtime="20210615 17:31:59.222"/>
</kw>
<kw name="Acessar a página inicial do site" library="Resource">
<kw name="Go To" library="SeleniumLibrary">
<arg>${URL}</arg>
<doc>Navigates the current browser window to the provided ``url``.</doc>
<msg timestamp="20210615 17:31:59.225" level="INFO">Opening url 'http://automationpractice.com/'</msg>
<status status="PASS" starttime="20210615 17:31:59.225" endtime="20210615 17:32:03.208"/>
</kw>
<kw name="Title Should Be" library="SeleniumLibrary">
<arg>My Store</arg>
<doc>Verifies that the current page title equals ``title``.</doc>
<msg timestamp="20210615 17:32:03.225" level="INFO">Page title is 'My Store'.</msg>
<status status="PASS" starttime="20210615 17:32:03.208" endtime="20210615 17:32:03.225"/>
</kw>
<status status="PASS" starttime="20210615 17:31:59.223" endtime="20210615 17:32:03.225"/>
</kw>
<kw name="Digitar o nome do produto &quot;itemNãoExistente&quot; no campo de pesquisa" library="Resource" sourcename="Digitar o nome do produto &quot;${PRODUCT}&quot; no campo de pesquisa">
<kw name="Input Text" library="SeleniumLibrary">
<arg>id=search_query_top</arg>
<arg>${PRODUCT}</arg>
<doc>Types the given ``text`` into the text field identified by ``locator``.</doc>
<msg timestamp="20210615 17:32:03.227" level="INFO">Typing text 'itemNãoExistente' into text field 'id=search_query_top'.</msg>
<status status="PASS" starttime="20210615 17:32:03.226" endtime="20210615 17:32:03.298"/>
</kw>
<status status="PASS" starttime="20210615 17:32:03.226" endtime="20210615 17:32:03.298"/>
</kw>
<kw name="Clicar no botão pesquisar" library="Resource">
<kw name="Click Button" library="SeleniumLibrary">
<arg>name=submit_search</arg>
<doc>Clicks the button identified by ``locator``.</doc>
<msg timestamp="20210615 17:32:03.299" level="INFO">Clicking button 'name=submit_search'.</msg>
<status status="PASS" starttime="20210615 17:32:03.299" endtime="20210615 17:32:04.545"/>
</kw>
<status status="PASS" starttime="20210615 17:32:03.298" endtime="20210615 17:32:04.545"/>
</kw>
<kw name="Conferir mensagem de erro &quot;No results were found for your search &quot;itemNãoExistente&quot;&quot;" library="Resource" sourcename="Conferir mensagem de erro &quot;${ERROR}&quot;">
<kw name="Wait Until Element Is Visible" library="SeleniumLibrary">
<arg>xpath=//*[@id="center_column"]/p[@class="alert alert-warning"]</arg>
<doc>Waits until the element ``locator`` is visible.</doc>
<status status="PASS" starttime="20210615 17:32:04.546" endtime="20210615 17:32:04.597"/>
</kw>
<kw name="Element Text Should Be" library="SeleniumLibrary">
<arg>xpath=//*[@id="center_column"]/p[@class="alert alert-warning"]</arg>
<arg>${ERROR}</arg>
<doc>Verifies that element ``locator`` contains exact the text ``expected``.</doc>
<msg timestamp="20210615 17:32:04.598" level="INFO">Verifying element 'xpath=//*[@id="center_column"]/p[@class="alert alert-warning"]' contains exact text 'No results were found for your search "itemNãoExistente"'.</msg>
<status status="PASS" starttime="20210615 17:32:04.597" endtime="20210615 17:32:04.627"/>
</kw>
<status status="PASS" starttime="20210615 17:32:04.545" endtime="20210615 17:32:04.627"/>
</kw>
<kw name="Fechar o navegador" library="Resource" type="TEARDOWN">
<kw name="Close Browser" library="SeleniumLibrary">
<doc>Closes the current browser.</doc>
<status status="PASS" starttime="20210615 17:32:04.629" endtime="20210615 17:32:05.286"/>
</kw>
<status status="PASS" starttime="20210615 17:32:04.628" endtime="20210615 17:32:05.286"/>
</kw>
<status status="PASS" starttime="20210615 17:31:55.505" endtime="20210615 17:32:05.286"/>
</test>
<test id="s1-t3" name="Caso de Teste 03: Listar Produtos">
<kw name="Abrir o navegador" library="Resource" type="SETUP">
<kw name="Open Browser" library="SeleniumLibrary">
<arg>about:blank</arg>
<arg>${BROWSER}</arg>
<doc>Opens a new browser instance to the optional ``url``.</doc>
<msg timestamp="20210615 17:32:05.288" level="INFO">Opening browser 'firefox' to base url 'about:blank'.</msg>
<msg timestamp="20210615 17:32:05.290" level="INFO">Firefox driver log is always forced to to: /home/brenoalves/Documentos/Curso Robot Framework/results/geckodriver-162.log</msg>
<status status="PASS" starttime="20210615 17:32:05.288" endtime="20210615 17:32:09.027"/>
</kw>
<status status="PASS" starttime="20210615 17:32:05.287" endtime="20210615 17:32:09.028"/>
</kw>
<kw name="Acessar a página inicial do site" library="Resource">
<kw name="Go To" library="SeleniumLibrary">
<arg>${URL}</arg>
<doc>Navigates the current browser window to the provided ``url``.</doc>
<msg timestamp="20210615 17:32:09.030" level="INFO">Opening url 'http://automationpractice.com/'</msg>
<status status="PASS" starttime="20210615 17:32:09.029" endtime="20210615 17:32:12.879"/>
</kw>
<kw name="Title Should Be" library="SeleniumLibrary">
<arg>My Store</arg>
<doc>Verifies that the current page title equals ``title``.</doc>
<msg timestamp="20210615 17:32:12.888" level="INFO">Page title is 'My Store'.</msg>
<status status="PASS" starttime="20210615 17:32:12.879" endtime="20210615 17:32:12.888"/>
</kw>
<status status="PASS" starttime="20210615 17:32:09.028" endtime="20210615 17:32:12.889"/>
</kw>
<kw name="Passar o mouse por cima da categoria &quot;Women&quot; no menu principal superior de categorias" library="Resource" sourcename="Passar o mouse por cima da categoria &quot;${CATEGORIES}&quot; no menu principal superior de categorias">
<kw name="Mouse Over" library="SeleniumLibrary">
<arg>xpath=//*[@id="block_top_menu"]/ul/li[1]/a[@class="sf-with-ul"]</arg>
<doc>Simulates hovering the mouse over the element ``locator``.</doc>
<msg timestamp="20210615 17:32:12.890" level="INFO">Simulating Mouse Over on element 'xpath=//*[@id="block_top_menu"]/ul/li[1]/a[@class="sf-with-ul"]'.</msg>
<status status="PASS" starttime="20210615 17:32:12.890" endtime="20210615 17:32:13.239"/>
</kw>
<status status="PASS" starttime="20210615 17:32:12.889" endtime="20210615 17:32:13.239"/>
</kw>
<kw name="Clicar na sub categoria &quot;Summer Dresses&quot;" library="Resource" sourcename="Clicar na sub categoria &quot;${SUB_CATEGORY}&quot;">
<kw name="Wait Until Element Contains" library="SeleniumLibrary">
<arg>xpath=//*[@id="block_top_menu"]/ul/li[1]/ul/li[2]/ul/li[3]/a</arg>
<arg>${SUB_CATEGORY}</arg>
<doc>Waits until the element ``locator`` contains ``text``.</doc>
<status status="PASS" starttime="20210615 17:32:13.240" endtime="20210615 17:32:13.520"/>
</kw>
<kw name="Click Link" library="SeleniumLibrary">
<arg>xpath=//*[@id="block_top_menu"]/ul/li[1]/ul/li[2]/ul/li[3]/a</arg>
<doc>Clicks a link identified by ``locator``.</doc>
<msg timestamp="20210615 17:32:13.521" level="INFO">Clicking link 'xpath=//*[@id="block_top_menu"]/ul/li[1]/ul/li[2]/ul/li[3]/a'.</msg>
<status status="PASS" starttime="20210615 17:32:13.520" endtime="20210615 17:32:15.214"/>
</kw>
<status status="PASS" starttime="20210615 17:32:13.239" endtime="20210615 17:32:15.214"/>
</kw>
<kw name="Fechar o navegador" library="Resource" type="TEARDOWN">
<kw name="Close Browser" library="SeleniumLibrary">
<doc>Closes the current browser.</doc>
<status status="PASS" starttime="20210615 17:32:15.215" endtime="20210615 17:32:15.970"/>
</kw>
<status status="PASS" starttime="20210615 17:32:15.215" endtime="20210615 17:32:15.970"/>
</kw>
<status status="PASS" starttime="20210615 17:32:05.287" endtime="20210615 17:32:15.970"/>
</test>
<test id="s1-t4" name="Caso de Teste 04: Adicionar e Remover Produtos no Carrinho">
<kw name="Abrir o navegador" library="Resource" type="SETUP">
<kw name="Open Browser" library="SeleniumLibrary">
<arg>about:blank</arg>
<arg>${BROWSER}</arg>
<doc>Opens a new browser instance to the optional ``url``.</doc>
<msg timestamp="20210615 17:32:15.973" level="INFO">Opening browser 'firefox' to base url 'about:blank'.</msg>
<msg timestamp="20210615 17:32:15.974" level="INFO">Firefox driver log is always forced to to: /home/brenoalves/Documentos/Curso Robot Framework/results/geckodriver-163.log</msg>
<status status="PASS" starttime="20210615 17:32:15.972" endtime="20210615 17:32:19.696"/>
</kw>
<status status="PASS" starttime="20210615 17:32:15.972" endtime="20210615 17:32:19.697"/>
</kw>
<kw name="Acessar a página inicial do site" library="Resource">
<kw name="Go To" library="SeleniumLibrary">
<arg>${URL}</arg>
<doc>Navigates the current browser window to the provided ``url``.</doc>
<msg timestamp="20210615 17:32:19.699" level="INFO">Opening url 'http://automationpractice.com/'</msg>
<status status="PASS" starttime="20210615 17:32:19.698" endtime="20210615 17:32:26.265"/>
</kw>
<kw name="Title Should Be" library="SeleniumLibrary">
<arg>My Store</arg>
<doc>Verifies that the current page title equals ``title``.</doc>
<msg timestamp="20210615 17:32:26.271" level="INFO">Page title is 'My Store'.</msg>
<status status="PASS" starttime="20210615 17:32:26.265" endtime="20210615 17:32:26.271"/>
</kw>
<status status="PASS" starttime="20210615 17:32:19.697" endtime="20210615 17:32:26.272"/>
</kw>
<kw name="Digitar o nome do produto &quot;t-shirt&quot; no campo de pesquisa" library="Resource" sourcename="Digitar o nome do produto &quot;${PRODUCT}&quot; no campo de pesquisa">
<kw name="Input Text" library="SeleniumLibrary">
<arg>id=search_query_top</arg>
<arg>${PRODUCT}</arg>
<doc>Types the given ``text`` into the text field identified by ``locator``.</doc>
<msg timestamp="20210615 17:32:26.273" level="INFO">Typing text 't-shirt' into text field 'id=search_query_top'.</msg>
<status status="PASS" starttime="20210615 17:32:26.273" endtime="20210615 17:32:26.379"/>
</kw>
<status status="PASS" starttime="20210615 17:32:26.273" endtime="20210615 17:32:26.380"/>
</kw>
<kw name="Clicar no botão pesquisar" library="Resource">
<kw name="Click Button" library="SeleniumLibrary">
<arg>name=submit_search</arg>
<doc>Clicks the button identified by ``locator``.</doc>
<msg timestamp="20210615 17:32:26.382" level="INFO">Clicking button 'name=submit_search'.</msg>
<status status="PASS" starttime="20210615 17:32:26.381" endtime="20210615 17:32:29.071"/>
</kw>
<status status="PASS" starttime="20210615 17:32:26.380" endtime="20210615 17:32:29.072"/>
</kw>
<kw name="Clicar no botão &quot;Add to cart&quot; do produto" library="Resource" sourcename="Clicar no botão &quot;${ADD_CART}&quot; do produto">
<kw name="Mouse Down" library="SeleniumLibrary">
<arg>xpath=//*[@id="center_column"]//div[@class="product-container"]</arg>
<doc>Simulates pressing the left mouse button on the element ``locator``.</doc>
<msg timestamp="20210615 17:32:29.074" level="INFO">Simulating Mouse Down on element 'xpath=//*[@id="center_column"]//div[@class="product-container"]'.</msg>
<status status="PASS" starttime="20210615 17:32:29.073" endtime="20210615 17:32:29.388"/>
</kw>
<kw name="Click Link" library="SeleniumLibrary">
<arg>xpath=//*[@id="center_column"]//a[1][@class="button ajax_add_to_cart_button btn btn-default"]</arg>
<doc>Clicks a link identified by ``locator``.</doc>
<msg timestamp="20210615 17:32:29.390" level="INFO">Clicking link 'xpath=//*[@id="center_column"]//a[1][@class="button ajax_add_to_cart_button btn btn-default"]'.</msg>
<status status="PASS" starttime="20210615 17:32:29.389" endtime="20210615 17:32:29.688"/>
</kw>
<status status="PASS" starttime="20210615 17:32:29.072" endtime="20210615 17:32:29.688"/>
</kw>
<kw name="Clicar no botão &quot;Proceed to checkout&quot;" library="Resource" sourcename="Clicar no botão &quot;${PROCEED}&quot;">
<kw name="Wait Until Element Contains" library="SeleniumLibrary">
<arg>xpath=//*[@id="layer_cart"]//a[@class="btn btn-default button button-medium"]</arg>
<arg>${PROCEED}</arg>
<doc>Waits until the element ``locator`` contains ``text``.</doc>
<status status="PASS" starttime="20210615 17:32:29.690" endtime="20210615 17:32:31.018"/>
</kw>
<kw name="Click Link" library="SeleniumLibrary">
<arg>xpath=//*[@id="layer_cart"]//a[@class="btn btn-default button button-medium"]</arg>
<doc>Clicks a link identified by ``locator``.</doc>
<msg timestamp="20210615 17:32:31.019" level="INFO">Clicking link 'xpath=//*[@id="layer_cart"]//a[@class="btn btn-default button button-medium"]'.</msg>
<status status="PASS" starttime="20210615 17:32:31.018" endtime="20210615 17:32:34.402"/>
</kw>
<status status="PASS" starttime="20210615 17:32:29.689" endtime="20210615 17:32:34.402"/>
</kw>
<kw name="Clicar no botão de remoção de produtos (delete) no produto do carrinho" library="Resource">
<kw name="Click Link" library="SeleniumLibrary">
<arg>id=1_1_0_0</arg>
<doc>Clicks a link identified by ``locator``.</doc>
<msg timestamp="20210615 17:32:34.404" level="INFO">Clicking link 'id=1_1_0_0'.</msg>
<status status="PASS" starttime="20210615 17:32:34.403" endtime="20210615 17:32:34.676"/>
</kw>
<status status="PASS" starttime="20210615 17:32:34.402" endtime="20210615 17:32:34.677"/>
</kw>
<kw name="Fechar o navegador" library="Resource" type="TEARDOWN">
<kw name="Close Browser" library="SeleniumLibrary">
<doc>Closes the current browser.</doc>
<status status="PASS" starttime="20210615 17:32:34.678" endtime="20210615 17:32:35.312"/>
</kw>
<status status="PASS" starttime="20210615 17:32:34.677" endtime="20210615 17:32:35.312"/>
</kw>
<status status="PASS" starttime="20210615 17:32:15.971" endtime="20210615 17:32:35.312"/>
</test>
<test id="s1-t5" name="Caso de Teste 05: Botão Carrinho">
<kw name="Abrir o navegador" library="Resource" type="SETUP">
<kw name="Open Browser" library="SeleniumLibrary">
<arg>about:blank</arg>
<arg>${BROWSER}</arg>
<doc>Opens a new browser instance to the optional ``url``.</doc>
<msg timestamp="20210615 17:32:35.315" level="INFO">Opening browser 'firefox' to base url 'about:blank'.</msg>
<msg timestamp="20210615 17:32:35.316" level="INFO">Firefox driver log is always forced to to: /home/brenoalves/Documentos/Curso Robot Framework/results/geckodriver-164.log</msg>
<status status="PASS" starttime="20210615 17:32:35.314" endtime="20210615 17:32:39.035"/>
</kw>
<status status="PASS" starttime="20210615 17:32:35.314" endtime="20210615 17:32:39.036"/>
</kw>
<kw name="Acessar a página inicial do site" library="Resource">
<kw name="Go To" library="SeleniumLibrary">
<arg>${URL}</arg>
<doc>Navigates the current browser window to the provided ``url``.</doc>
<msg timestamp="20210615 17:32:39.038" level="INFO">Opening url 'http://automationpractice.com/'</msg>
<status status="PASS" starttime="20210615 17:32:39.038" endtime="20210615 17:32:42.843"/>
</kw>
<kw name="Title Should Be" library="SeleniumLibrary">
<arg>My Store</arg>
<doc>Verifies that the current page title equals ``title``.</doc>
<msg timestamp="20210615 17:32:42.847" level="INFO">Page title is 'My Store'.</msg>
<status status="PASS" starttime="20210615 17:32:42.844" endtime="20210615 17:32:42.847"/>
</kw>
<status status="PASS" starttime="20210615 17:32:39.037" endtime="20210615 17:32:42.848"/>
</kw>
<kw name="Clicar no ícone carrinho de compras no menu superior direito" library="Resource">
<kw name="Click Link" library="SeleniumLibrary">
<arg>xpath=//*[@id="header"]/div[3]/div/div/div[3]/div/a</arg>
<doc>Clicks a link identified by ``locator``.</doc>
<msg timestamp="20210615 17:32:42.849" level="INFO">Clicking link 'xpath=//*[@id="header"]/div[3]/div/div/div[3]/div/a'.</msg>
<status status="PASS" starttime="20210615 17:32:42.848" endtime="20210615 17:32:44.893"/>
</kw>
<status status="PASS" starttime="20210615 17:32:42.848" endtime="20210615 17:32:44.893"/>
</kw>
<kw name="Coferir se o Carrinho está vazio" library="Resource">
<kw name="Current Frame Should Contain" library="SeleniumLibrary">
<arg>Your shopping cart is empty.</arg>
<arg>class=alert alert-warning</arg>
<doc>Verifies that the current frame contains ``text``.</doc>
<msg timestamp="20210615 17:32:44.924" level="INFO">Current frame contains text 'Your shopping cart is empty.'.</msg>
<status status="PASS" starttime="20210615 17:32:44.894" endtime="20210615 17:32:44.926"/>
</kw>
<status status="PASS" starttime="20210615 17:32:44.894" endtime="20210615 17:32:44.926"/>
</kw>
<kw name="Fechar o navegador" library="Resource" type="TEARDOWN">
<kw name="Close Browser" library="SeleniumLibrary">
<doc>Closes the current browser.</doc>
<status status="PASS" starttime="20210615 17:32:44.928" endtime="20210615 17:32:45.780"/>
</kw>
<status status="PASS" starttime="20210615 17:32:44.927" endtime="20210615 17:32:45.780"/>
</kw>
<status status="PASS" starttime="20210615 17:32:35.313" endtime="20210615 17:32:45.780"/>
</test>
<test id="s1-t6" name="Caso de Teste 06: Adicionar Cliente">
<kw name="Abrir o navegador" library="Resource" type="SETUP">
<kw name="Open Browser" library="SeleniumLibrary">
<arg>about:blank</arg>
<arg>${BROWSER}</arg>
<doc>Opens a new browser instance to the optional ``url``.</doc>
<msg timestamp="20210615 17:32:45.782" level="INFO">Opening browser 'firefox' to base url 'about:blank'.</msg>
<msg timestamp="20210615 17:32:45.784" level="INFO">Firefox driver log is always forced to to: /home/brenoalves/Documentos/Curso Robot Framework/results/geckodriver-165.log</msg>
<status status="PASS" starttime="20210615 17:32:45.782" endtime="20210615 17:32:49.408"/>
</kw>
<status status="PASS" starttime="20210615 17:32:45.781" endtime="20210615 17:32:49.409"/>
</kw>
<kw name="Acessar a página inicial do site" library="Resource">
<kw name="Go To" library="SeleniumLibrary">
<arg>${URL}</arg>
<doc>Navigates the current browser window to the provided ``url``.</doc>
<msg timestamp="20210615 17:32:49.410" level="INFO">Opening url 'http://automationpractice.com/'</msg>
<status status="PASS" starttime="20210615 17:32:49.410" endtime="20210615 17:32:53.722"/>
</kw>
<kw name="Title Should Be" library="SeleniumLibrary">
<arg>My Store</arg>
<doc>Verifies that the current page title equals ``title``.</doc>
<msg timestamp="20210615 17:32:53.729" level="INFO">Page title is 'My Store'.</msg>
<status status="PASS" starttime="20210615 17:32:53.722" endtime="20210615 17:32:53.729"/>
</kw>
<status status="PASS" starttime="20210615 17:32:49.409" endtime="20210615 17:32:53.729"/>
</kw>
<kw name="Clicar no botão superior direito “Sign in”" library="Resource" sourcename="Clicar no botão superior direito “${LOGIN}”">
<kw name="Click Link" library="SeleniumLibrary">
<arg>xpath=//*[@id="header"]/div[2]//a[@class="login"]</arg>
<doc>Clicks a link identified by ``locator``.</doc>
<msg timestamp="20210615 17:32:53.730" level="INFO">Clicking link 'xpath=//*[@id="header"]/div[2]//a[@class="login"]'.</msg>
<status status="PASS" starttime="20210615 17:32:53.730" endtime="20210615 17:32:56.463"/>
</kw>
<status status="PASS" starttime="20210615 17:32:53.730" endtime="20210615 17:32:56.464"/>
</kw>
<kw name="Inserir um e-mail válido" library="Resource">
<kw name="Input Text" library="SeleniumLibrary">
<arg>id=email_create</arg>
<arg>brenoalv3ss@test.com</arg>
<doc>Types the given ``text`` into the text field identified by ``locator``.</doc>
<msg timestamp="20210615 17:32:56.465" level="INFO">Typing text 'brenoalv3ss@test.com' into text field 'id=email_create'.</msg>
<status status="PASS" starttime="20210615 17:32:56.464" endtime="20210615 17:32:56.545"/>
</kw>
<status status="PASS" starttime="20210615 17:32:56.464" endtime="20210615 17:32:56.545"/>
</kw>
<kw name="Clicar em &quot;Create an account&quot; para cadastrar" library="Resource" sourcename="Clicar em &quot;${CREAT_ACCOUNT}&quot; para cadastrar">
<kw name="Click Button" library="SeleniumLibrary">
<arg>id=SubmitCreate</arg>
<doc>Clicks the button identified by ``locator``.</doc>
<msg timestamp="20210615 17:32:56.547" level="INFO">Clicking button 'id=SubmitCreate'.</msg>
<status status="PASS" starttime="20210615 17:32:56.547" endtime="20210615 17:32:56.841"/>
</kw>
<status status="PASS" starttime="20210615 17:32:56.546" endtime="20210615 17:32:56.841"/>
</kw>
<kw name="Preencher os campos obrigatórios" library="Resource">
<kw name="Wait Until Element Is Visible" library="SeleniumLibrary">
<arg>id=customer_firstname</arg>
<doc>Waits until the element ``locator`` is visible.</doc>
<status status="PASS" starttime="20210615 17:32:56.842" endtime="20210615 17:32:58.101"/>
</kw>
<kw name="Input Text" library="SeleniumLibrary">
<arg>id=customer_firstname</arg>
<arg>${FIRSTNAME}</arg>
<doc>Types the given ``text`` into the text field identified by ``locator``.</doc>
<msg timestamp="20210615 17:32:58.102" level="INFO">Typing text 'Breno' into text field 'id=customer_firstname'.</msg>
<status status="PASS" starttime="20210615 17:32:58.102" endtime="20210615 17:32:58.134"/>
</kw>
<kw name="Input Text" library="SeleniumLibrary">
<arg>id=customer_lastname</arg>
<arg>${LASTNAME}</arg>
<doc>Types the given ``text`` into the text field identified by ``locator``.</doc>
<msg timestamp="20210615 17:32:58.135" level="INFO">Typing text 'Alves' into text field 'id=customer_lastname'.</msg>
<status status="PASS" starttime="20210615 17:32:58.134" endtime="20210615 17:32:58.170"/>
</kw>
<kw name="Input Password" library="SeleniumLibrary">
<arg>id=passwd</arg>
<arg>breno123</arg>
<doc>Types the given password into the text field identified by ``locator``.</doc>
<msg timestamp="20210615 17:32:58.171" level="INFO">Typing password into text field 'id=passwd'.</msg>
<msg timestamp="20210615 17:32:58.188" level="INFO">Temporally setting log level to: NONE</msg>
<msg timestamp="20210615 17:32:58.211" level="INFO">Log level changed from NONE to INFO.</msg>
<status status="PASS" starttime="20210615 17:32:58.170" endtime="20210615 17:32:58.211"/>
</kw>
<kw name="Input Text" library="SeleniumLibrary">
<arg>id=firstname</arg>
<arg>${FIRSTNAME}</arg>
<doc>Types the given ``text`` into the text field identified by ``locator``.</doc>
<msg timestamp="20210615 17:32:58.212" level="INFO">Typing text 'Breno' into text field 'id=firstname'.</msg>
<status status="PASS" starttime="20210615 17:32:58.211" endtime="20210615 17:32:58.257"/>
</kw>
<kw name="Input Text" library="SeleniumLibrary">
<arg>id=lastname</arg>
<arg>${LASTNAME}</arg>
<doc>Types the given ``text`` into the text field identified by ``locator``.</doc>
<msg timestamp="20210615 17:32:58.257" level="INFO">Typing text 'Alves' into text field 'id=lastname'.</msg>
<status status="PASS" starttime="20210615 17:32:58.257" endtime="20210615 17:32:58.303"/>
</kw>
<kw name="Input Text" library="SeleniumLibrary">
<arg>id=address1</arg>
<arg>Rua 1</arg>
<doc>Types the given ``text`` into the text field identified by ``locator``.</doc>
<msg timestamp="20210615 17:32:58.303" level="INFO">Typing text 'Rua 1' into text field 'id=address1'.</msg>
<status status="PASS" starttime="20210615 17:32:58.303" endtime="20210615 17:32:58.331"/>
</kw>
<kw name="Input Text" library="SeleniumLibrary">
<arg>id=city</arg>
<arg>Recife</arg>
<doc>Types the given ``text`` into the text field identified by ``locator``.</doc>
<msg timestamp="20210615 17:32:58.332" level="INFO">Typing text 'Recife' into text field 'id=city'.</msg>
<status status="PASS" starttime="20210615 17:32:58.331" endtime="20210615 17:32:58.361"/>
</kw>
<kw name="Input Text" library="SeleniumLibrary">
<arg>id=phone_mobile</arg>
<arg>00000000000</arg>
<doc>Types the given ``text`` into the text field identified by ``locator``.</doc>
<msg timestamp="20210615 17:32:58.361" level="INFO">Typing text '00000000000' into text field 'id=phone_mobile'.</msg>
<status status="PASS" starttime="20210615 17:32:58.361" endtime="20210615 17:32:58.396"/>
</kw>
<status status="PASS" starttime="20210615 17:32:56.842" endtime="20210615 17:32:58.396"/>
</kw>
<kw name="Clicar em &quot;Register&quot; para finalizar o cadastro" library="Resource" sourcename="Clicar em &quot;${REGISTER}&quot; para finalizar o cadastro">
<kw name="Click Button" library="SeleniumLibrary">
<arg>id=submitAccount</arg>
<doc>Clicks the button identified by ``locator``.</doc>
<msg timestamp="20210615 17:32:58.397" level="INFO">Clicking button 'id=submitAccount'.</msg>
<status status="PASS" starttime="20210615 17:32:58.397" endtime="20210615 17:32:58.755"/>
</kw>
<status status="PASS" starttime="20210615 17:32:58.397" endtime="20210615 17:32:58.755"/>
</kw>
<kw name="Fechar o navegador" library="Resource" type="TEARDOWN">
<kw name="Close Browser" library="SeleniumLibrary">
<doc>Closes the current browser.</doc>
<status status="PASS" starttime="20210615 17:32:58.756" endtime="20210615 17:32:59.495"/>
</kw>
<status status="PASS" starttime="20210615 17:32:58.756" endtime="20210615 17:32:59.495"/>
</kw>
<status status="PASS" starttime="20210615 17:32:45.781" endtime="20210615 17:32:59.496"/>
</test>
<status status="PASS" starttime="20210615 17:31:46.713" endtime="20210615 17:32:59.497"/>
</suite>
<statistics>
<total>
<stat pass="6" fail="0" skip="0">All Tests</stat>
</total>
<tag>
</tag>
<suite>
<stat pass="6" fail="0" skip="0" id="s1" name="TestProcedural">TestProcedural</stat>
</suite>
</statistics>
<errors>
</errors>
</robot>
