<?xml version="1.0" encoding="UTF-8"?>
<robot generator="Robot 4.0.3 (Python 3.9.5 on linux)" generated="20210614 19:34:01.555" rpa="false" schemaversion="2">
<suite id="s1" name="TestProcedural" source="/home/brenoalves/Documentos/Curso Robot Framework/tests/TestProcedural.robot">
<test id="s1-t1" name="Caso de Teste 01: Pesquisar produto existente">
<kw name="Abrir o navegador" library="Resource" type="SETUP">
<kw name="Open Browser" library="SeleniumLibrary">
<arg>about:blank</arg>
<arg>${BROWSER}</arg>
<doc>Opens a new browser instance to the optional ``url``.</doc>
<msg timestamp="20210614 19:34:01.777" level="INFO">Opening browser 'firefox' to base url 'about:blank'.</msg>
<msg timestamp="20210614 19:34:01.778" level="INFO">Firefox driver log is always forced to to: /home/brenoalves/Documentos/Curso Robot Framework/results/geckodriver-109.log</msg>
<status status="PASS" starttime="20210614 19:34:01.776" endtime="20210614 19:34:06.559"/>
</kw>
<status status="PASS" starttime="20210614 19:34:01.775" endtime="20210614 19:34:06.560"/>
</kw>
<kw name="Acessar a página inicial do site" library="Resource">
<kw name="Go To" library="SeleniumLibrary">
<arg>${URL}</arg>
<doc>Navigates the current browser window to the provided ``url``.</doc>
<msg timestamp="20210614 19:34:06.564" level="INFO">Opening url 'http://automationpractice.com/'</msg>
<status status="PASS" starttime="20210614 19:34:06.563" endtime="20210614 19:34:10.421"/>
</kw>
<kw name="Title Should Be" library="SeleniumLibrary">
<arg>My Store</arg>
<doc>Verifies that the current page title equals ``title``.</doc>
<msg timestamp="20210614 19:34:10.497" level="INFO">Page title is 'My Store'.</msg>
<status status="PASS" starttime="20210614 19:34:10.422" endtime="20210614 19:34:10.497"/>
</kw>
<status status="PASS" starttime="20210614 19:34:06.562" endtime="20210614 19:34:10.498"/>
</kw>
<kw name="Digitar o nome do produto &quot;Blouse&quot; no campo de pesquisa" library="Resource" sourcename="Digitar o nome do produto &quot;${PRODUCT}&quot; no campo de pesquisa">
<kw name="Input Text" library="SeleniumLibrary">
<arg>id=search_query_top</arg>
<arg>${PRODUCT}</arg>
<doc>Types the given ``text`` into the text field identified by ``locator``.</doc>
<msg timestamp="20210614 19:34:10.500" level="INFO">Typing text 'Blouse' into text field 'id=search_query_top'.</msg>
<status status="PASS" starttime="20210614 19:34:10.499" endtime="20210614 19:34:10.702"/>
</kw>
<status status="PASS" starttime="20210614 19:34:10.499" endtime="20210614 19:34:10.703"/>
</kw>
<kw name="Clicar no botão pesquisar" library="Resource">
<kw name="Click Button" library="SeleniumLibrary">
<arg>name=submit_search</arg>
<doc>Clicks the button identified by ``locator``.</doc>
<msg timestamp="20210614 19:34:10.710" level="INFO">Clicking button 'name=submit_search'.</msg>
<status status="PASS" starttime="20210614 19:34:10.708" endtime="20210614 19:34:12.174"/>
</kw>
<status status="PASS" starttime="20210614 19:34:10.706" endtime="20210614 19:34:12.174"/>
</kw>
<kw name="Conferir se o produto &quot;Blouse&quot; foi listado no site" library="Resource" sourcename="Conferir se o produto &quot;${PRODUCT}&quot; foi listado no site">
<kw name="Wait Until Element Is Visible" library="SeleniumLibrary">
<arg>class=page-heading</arg>
<doc>Waits until the element ``locator`` is visible.</doc>
<status status="PASS" starttime="20210614 19:34:12.176" endtime="20210614 19:34:12.236"/>
</kw>
<kw name="Title Should Be" library="SeleniumLibrary">
<arg>Search - My Store</arg>
<doc>Verifies that the current page title equals ``title``.</doc>
<msg timestamp="20210614 19:34:12.239" level="INFO">Page title is 'Search - My Store'.</msg>
<status status="PASS" starttime="20210614 19:34:12.236" endtime="20210614 19:34:12.239"/>
</kw>
<kw name="Page Should Contain Image" library="SeleniumLibrary">
<arg>xpath=//*[@src="${URL}img/p/7/7-home_default.jpg"]</arg>
<doc>Verifies image identified by ``locator`` is found from current page.</doc>
<msg timestamp="20210614 19:34:12.249" level="INFO">Current page contains image 'xpath=//*[@src="http://automationpractice.com/img/p/7/7-home_default.jpg"]'.</msg>
<status status="PASS" starttime="20210614 19:34:12.239" endtime="20210614 19:34:12.249"/>
</kw>
<kw name="Page Should Contain Link" library="SeleniumLibrary">
<arg>xpath=//*[@id="center_column"]//a[@class="product-name"][contains(text(),"${PRODUCT}")]</arg>
<doc>Verifies link identified by ``locator`` is found from current page.</doc>
<msg timestamp="20210614 19:34:12.257" level="INFO">Current page contains link 'xpath=//*[@id="center_column"]//a[@class="product-name"][contains(text(),"Blouse")]'.</msg>
<status status="PASS" starttime="20210614 19:34:12.249" endtime="20210614 19:34:12.257"/>
</kw>
<status status="PASS" starttime="20210614 19:34:12.175" endtime="20210614 19:34:12.258"/>
</kw>
<kw name="Fechar o navegador" library="Resource" type="TEARDOWN">
<kw name="Close Browser" library="SeleniumLibrary">
<doc>Closes the current browser.</doc>
<status status="PASS" starttime="20210614 19:34:12.259" endtime="20210614 19:34:13.020"/>
</kw>
<status status="PASS" starttime="20210614 19:34:12.259" endtime="20210614 19:34:13.020"/>
</kw>
<status status="PASS" starttime="20210614 19:34:01.775" endtime="20210614 19:34:13.021"/>
</test>
<test id="s1-t2" name="Caso de Teste 02: Pesquisar produto não existente">
<kw name="Abrir o navegador" library="Resource" type="SETUP">
<kw name="Open Browser" library="SeleniumLibrary">
<arg>about:blank</arg>
<arg>${BROWSER}</arg>
<doc>Opens a new browser instance to the optional ``url``.</doc>
<msg timestamp="20210614 19:34:13.023" level="INFO">Opening browser 'firefox' to base url 'about:blank'.</msg>
<msg timestamp="20210614 19:34:13.023" level="INFO">Firefox driver log is always forced to to: /home/brenoalves/Documentos/Curso Robot Framework/results/geckodriver-110.log</msg>
<status status="PASS" starttime="20210614 19:34:13.022" endtime="20210614 19:34:17.501"/>
</kw>
<status status="PASS" starttime="20210614 19:34:13.022" endtime="20210614 19:34:17.501"/>
</kw>
<kw name="Acessar a página inicial do site" library="Resource">
<kw name="Go To" library="SeleniumLibrary">
<arg>${URL}</arg>
<doc>Navigates the current browser window to the provided ``url``.</doc>
<msg timestamp="20210614 19:34:17.504" level="INFO">Opening url 'http://automationpractice.com/'</msg>
<status status="PASS" starttime="20210614 19:34:17.503" endtime="20210614 19:34:21.228"/>
</kw>
<kw name="Title Should Be" library="SeleniumLibrary">
<arg>My Store</arg>
<doc>Verifies that the current page title equals ``title``.</doc>
<msg timestamp="20210614 19:34:21.236" level="INFO">Page title is 'My Store'.</msg>
<status status="PASS" starttime="20210614 19:34:21.228" endtime="20210614 19:34:21.236"/>
</kw>
<status status="PASS" starttime="20210614 19:34:17.502" endtime="20210614 19:34:21.237"/>
</kw>
<kw name="Digitar o nome do produto &quot;itemNãoExistente&quot; no campo de pesquisa" library="Resource" sourcename="Digitar o nome do produto &quot;${PRODUCT}&quot; no campo de pesquisa">
<kw name="Input Text" library="SeleniumLibrary">
<arg>id=search_query_top</arg>
<arg>${PRODUCT}</arg>
<doc>Types the given ``text`` into the text field identified by ``locator``.</doc>
<msg timestamp="20210614 19:34:21.238" level="INFO">Typing text 'itemNãoExistente' into text field 'id=search_query_top'.</msg>
<status status="PASS" starttime="20210614 19:34:21.238" endtime="20210614 19:34:21.316"/>
</kw>
<status status="PASS" starttime="20210614 19:34:21.237" endtime="20210614 19:34:21.316"/>
</kw>
<kw name="Clicar no botão pesquisar" library="Resource">
<kw name="Click Button" library="SeleniumLibrary">
<arg>name=submit_search</arg>
<doc>Clicks the button identified by ``locator``.</doc>
<msg timestamp="20210614 19:34:21.318" level="INFO">Clicking button 'name=submit_search'.</msg>
<status status="PASS" starttime="20210614 19:34:21.317" endtime="20210614 19:34:22.342"/>
</kw>
<status status="PASS" starttime="20210614 19:34:21.317" endtime="20210614 19:34:22.342"/>
</kw>
<kw name="Conferir mensagem de erro &quot;No results were found for your search &quot;itemNãoExistente&quot;&quot;" library="Resource" sourcename="Conferir mensagem de erro &quot;${ERROR}&quot;">
<kw name="Wait Until Element Is Visible" library="SeleniumLibrary">
<arg>xpath=//*[@id="center_column"]/p[@class="alert alert-warning"]</arg>
<doc>Waits until the element ``locator`` is visible.</doc>
<status status="PASS" starttime="20210614 19:34:22.353" endtime="20210614 19:34:22.422"/>
</kw>
<kw name="Element Text Should Be" library="SeleniumLibrary">
<arg>xpath=//*[@id="center_column"]/p[@class="alert alert-warning"]</arg>
<arg>${ERROR}</arg>
<doc>Verifies that element ``locator`` contains exact the text ``expected``.</doc>
<msg timestamp="20210614 19:34:22.423" level="INFO">Verifying element 'xpath=//*[@id="center_column"]/p[@class="alert alert-warning"]' contains exact text 'No results were found for your search "itemNãoExistente"'.</msg>
<status status="PASS" starttime="20210614 19:34:22.422" endtime="20210614 19:34:22.458"/>
</kw>
<status status="PASS" starttime="20210614 19:34:22.343" endtime="20210614 19:34:22.459"/>
</kw>
<kw name="Fechar o navegador" library="Resource" type="TEARDOWN">
<kw name="Close Browser" library="SeleniumLibrary">
<doc>Closes the current browser.</doc>
<status status="PASS" starttime="20210614 19:34:22.461" endtime="20210614 19:34:23.330"/>
</kw>
<status status="PASS" starttime="20210614 19:34:22.460" endtime="20210614 19:34:23.330"/>
</kw>
<status status="PASS" starttime="20210614 19:34:13.021" endtime="20210614 19:34:23.330"/>
</test>
<test id="s1-t3" name="Caso de Teste 03: Listar Produtos">
<kw name="Abrir o navegador" library="Resource" type="SETUP">
<kw name="Open Browser" library="SeleniumLibrary">
<arg>about:blank</arg>
<arg>${BROWSER}</arg>
<doc>Opens a new browser instance to the optional ``url``.</doc>
<msg timestamp="20210614 19:34:23.332" level="INFO">Opening browser 'firefox' to base url 'about:blank'.</msg>
<msg timestamp="20210614 19:34:23.333" level="INFO">Firefox driver log is always forced to to: /home/brenoalves/Documentos/Curso Robot Framework/results/geckodriver-111.log</msg>
<status status="PASS" starttime="20210614 19:34:23.332" endtime="20210614 19:34:27.838"/>
</kw>
<status status="PASS" starttime="20210614 19:34:23.331" endtime="20210614 19:34:27.838"/>
</kw>
<kw name="Acessar a página inicial do site" library="Resource">
<kw name="Go To" library="SeleniumLibrary">
<arg>${URL}</arg>
<doc>Navigates the current browser window to the provided ``url``.</doc>
<msg timestamp="20210614 19:34:27.841" level="INFO">Opening url 'http://automationpractice.com/'</msg>
<status status="PASS" starttime="20210614 19:34:27.841" endtime="20210614 19:34:31.038"/>
</kw>
<kw name="Title Should Be" library="SeleniumLibrary">
<arg>My Store</arg>
<doc>Verifies that the current page title equals ``title``.</doc>
<msg timestamp="20210614 19:34:31.096" level="INFO">Page title is 'My Store'.</msg>
<status status="PASS" starttime="20210614 19:34:31.038" endtime="20210614 19:34:31.096"/>
</kw>
<status status="PASS" starttime="20210614 19:34:27.840" endtime="20210614 19:34:31.096"/>
</kw>
<kw name="Passar o mouse por cima da categoria &quot;Women&quot; no menu principal superior de categorias" library="Resource" sourcename="Passar o mouse por cima da categoria &quot;${CATEGORIES}&quot; no menu principal superior de categorias">
<kw name="Mouse Over" library="SeleniumLibrary">
<arg>xpath=//*[@id="block_top_menu"]/ul/li[1]/a[@class="sf-with-ul"]</arg>
<doc>Simulates hovering the mouse over the element ``locator``.</doc>
<msg timestamp="20210614 19:34:31.098" level="INFO">Simulating Mouse Over on element 'xpath=//*[@id="block_top_menu"]/ul/li[1]/a[@class="sf-with-ul"]'.</msg>
<status status="PASS" starttime="20210614 19:34:31.097" endtime="20210614 19:34:31.426"/>
</kw>
<status status="PASS" starttime="20210614 19:34:31.097" endtime="20210614 19:34:31.426"/>
</kw>
<kw name="Clicar na sub categoria &quot;Summer Dresses&quot;" library="Resource" sourcename="Clicar na sub categoria &quot;${SUB_CATEGORY}&quot;">
<kw name="Wait Until Element Contains" library="SeleniumLibrary">
<arg>xpath=//*[@id="block_top_menu"]/ul/li[1]/ul/li[2]/ul/li[3]/a</arg>
<arg>${SUB_CATEGORY}</arg>
<doc>Waits until the element ``locator`` contains ``text``.</doc>
<status status="PASS" starttime="20210614 19:34:31.428" endtime="20210614 19:34:31.687"/>
</kw>
<kw name="Click Link" library="SeleniumLibrary">
<arg>xpath=//*[@id="block_top_menu"]/ul/li[1]/ul/li[2]/ul/li[3]/a</arg>
<doc>Clicks a link identified by ``locator``.</doc>
<msg timestamp="20210614 19:34:31.687" level="INFO">Clicking link 'xpath=//*[@id="block_top_menu"]/ul/li[1]/ul/li[2]/ul/li[3]/a'.</msg>
<status status="PASS" starttime="20210614 19:34:31.687" endtime="20210614 19:34:33.228"/>
</kw>
<status status="PASS" starttime="20210614 19:34:31.427" endtime="20210614 19:34:33.229"/>
</kw>
<kw name="Fechar o navegador" library="Resource" type="TEARDOWN">
<kw name="Close Browser" library="SeleniumLibrary">
<doc>Closes the current browser.</doc>
<status status="PASS" starttime="20210614 19:34:33.232" endtime="20210614 19:34:34.009"/>
</kw>
<status status="PASS" starttime="20210614 19:34:33.231" endtime="20210614 19:34:34.009"/>
</kw>
<status status="PASS" starttime="20210614 19:34:23.331" endtime="20210614 19:34:34.009"/>
</test>
<test id="s1-t4" name="Caso de Teste 04: Adicionar e Remover Produtos no Carrinho">
<kw name="Abrir o navegador" library="Resource" type="SETUP">
<kw name="Open Browser" library="SeleniumLibrary">
<arg>about:blank</arg>
<arg>${BROWSER}</arg>
<doc>Opens a new browser instance to the optional ``url``.</doc>
<msg timestamp="20210614 19:34:34.011" level="INFO">Opening browser 'firefox' to base url 'about:blank'.</msg>
<msg timestamp="20210614 19:34:34.012" level="INFO">Firefox driver log is always forced to to: /home/brenoalves/Documentos/Curso Robot Framework/results/geckodriver-112.log</msg>
<status status="PASS" starttime="20210614 19:34:34.011" endtime="20210614 19:34:38.151"/>
</kw>
<status status="PASS" starttime="20210614 19:34:34.010" endtime="20210614 19:34:38.151"/>
</kw>
<kw name="Acessar a página inicial do site" library="Resource">
<kw name="Go To" library="SeleniumLibrary">
<arg>${URL}</arg>
<doc>Navigates the current browser window to the provided ``url``.</doc>
<msg timestamp="20210614 19:34:38.153" level="INFO">Opening url 'http://automationpractice.com/'</msg>
<status status="PASS" starttime="20210614 19:34:38.153" endtime="20210614 19:34:41.500"/>
</kw>
<kw name="Title Should Be" library="SeleniumLibrary">
<arg>My Store</arg>
<doc>Verifies that the current page title equals ``title``.</doc>
<msg timestamp="20210614 19:34:41.595" level="INFO">Page title is 'My Store'.</msg>
<status status="PASS" starttime="20210614 19:34:41.501" endtime="20210614 19:34:41.595"/>
</kw>
<status status="PASS" starttime="20210614 19:34:38.152" endtime="20210614 19:34:41.596"/>
</kw>
<kw name="Digitar o nome do produto &quot;t-shirt&quot; no campo de pesquisa" library="Resource" sourcename="Digitar o nome do produto &quot;${PRODUCT}&quot; no campo de pesquisa">
<kw name="Input Text" library="SeleniumLibrary">
<arg>id=search_query_top</arg>
<arg>${PRODUCT}</arg>
<doc>Types the given ``text`` into the text field identified by ``locator``.</doc>
<msg timestamp="20210614 19:34:41.598" level="INFO">Typing text 't-shirt' into text field 'id=search_query_top'.</msg>
<status status="PASS" starttime="20210614 19:34:41.597" endtime="20210614 19:34:41.704"/>
</kw>
<status status="PASS" starttime="20210614 19:34:41.596" endtime="20210614 19:34:41.705"/>
</kw>
<kw name="Clicar no botão pesquisar" library="Resource">
<kw name="Click Button" library="SeleniumLibrary">
<arg>name=submit_search</arg>
<doc>Clicks the button identified by ``locator``.</doc>
<msg timestamp="20210614 19:34:41.707" level="INFO">Clicking button 'name=submit_search'.</msg>
<status status="PASS" starttime="20210614 19:34:41.706" endtime="20210614 19:34:43.102"/>
</kw>
<status status="PASS" starttime="20210614 19:34:41.705" endtime="20210614 19:34:43.102"/>
</kw>
<kw name="Clicar no botão &quot;Add to cart&quot; do produto" library="Resource" sourcename="Clicar no botão &quot;${ADD_CART}&quot; do produto">
<kw name="Mouse Down" library="SeleniumLibrary">
<arg>xpath=//*[@id="center_column"]//div[@class="product-container"]</arg>
<doc>Simulates pressing the left mouse button on the element ``locator``.</doc>
<msg timestamp="20210614 19:34:43.114" level="INFO">Simulating Mouse Down on element 'xpath=//*[@id="center_column"]//div[@class="product-container"]'.</msg>
<status status="PASS" starttime="20210614 19:34:43.113" endtime="20210614 19:34:43.460"/>
</kw>
<kw name="Click Link" library="SeleniumLibrary">
<arg>xpath=//*[@id="center_column"]//a[1][@class="button ajax_add_to_cart_button btn btn-default"]</arg>
<doc>Clicks a link identified by ``locator``.</doc>
<msg timestamp="20210614 19:34:43.461" level="INFO">Clicking link 'xpath=//*[@id="center_column"]//a[1][@class="button ajax_add_to_cart_button btn btn-default"]'.</msg>
<status status="PASS" starttime="20210614 19:34:43.460" endtime="20210614 19:34:43.827"/>
</kw>
<status status="PASS" starttime="20210614 19:34:43.103" endtime="20210614 19:34:43.827"/>
</kw>
<kw name="Clicar no botão &quot;Proceed to checkout&quot;" library="Resource" sourcename="Clicar no botão &quot;${PROCEED}&quot;">
<kw name="Wait Until Element Contains" library="SeleniumLibrary">
<arg>xpath=//*[@id="layer_cart"]//a[@class="btn btn-default button button-medium"]</arg>
<arg>${PROCEED}</arg>
<doc>Waits until the element ``locator`` contains ``text``.</doc>
<status status="PASS" starttime="20210614 19:34:43.828" endtime="20210614 19:34:44.517"/>
</kw>
<kw name="Click Link" library="SeleniumLibrary">
<arg>xpath=//*[@id="layer_cart"]//a[@class="btn btn-default button button-medium"]</arg>
<doc>Clicks a link identified by ``locator``.</doc>
<msg timestamp="20210614 19:34:44.518" level="INFO">Clicking link 'xpath=//*[@id="layer_cart"]//a[@class="btn btn-default button button-medium"]'.</msg>
<status status="PASS" starttime="20210614 19:34:44.517" endtime="20210614 19:34:46.027"/>
</kw>
<status status="PASS" starttime="20210614 19:34:43.827" endtime="20210614 19:34:46.027"/>
</kw>
<kw name="Clicar no botão de remoção de produtos (delete) no produto do carrinho" library="Resource">
<kw name="Click Link" library="SeleniumLibrary">
<arg>id=1_1_0_0</arg>
<doc>Clicks a link identified by ``locator``.</doc>
<msg timestamp="20210614 19:34:46.030" level="INFO">Clicking link 'id=1_1_0_0'.</msg>
<status status="PASS" starttime="20210614 19:34:46.028" endtime="20210614 19:34:46.294"/>
</kw>
<status status="PASS" starttime="20210614 19:34:46.028" endtime="20210614 19:34:46.294"/>
</kw>
<kw name="Fechar o navegador" library="Resource" type="TEARDOWN">
<kw name="Close Browser" library="SeleniumLibrary">
<doc>Closes the current browser.</doc>
<status status="PASS" starttime="20210614 19:34:46.295" endtime="20210614 19:34:47.148"/>
</kw>
<status status="PASS" starttime="20210614 19:34:46.295" endtime="20210614 19:34:47.149"/>
</kw>
<status status="PASS" starttime="20210614 19:34:34.010" endtime="20210614 19:34:47.149"/>
</test>
<test id="s1-t5" name="Caso de Teste 05: Botão Carrinho">
<kw name="Abrir o navegador" library="Resource" type="SETUP">
<kw name="Open Browser" library="SeleniumLibrary">
<arg>about:blank</arg>
<arg>${BROWSER}</arg>
<doc>Opens a new browser instance to the optional ``url``.</doc>
<msg timestamp="20210614 19:34:47.151" level="INFO">Opening browser 'firefox' to base url 'about:blank'.</msg>
<msg timestamp="20210614 19:34:47.151" level="INFO">Firefox driver log is always forced to to: /home/brenoalves/Documentos/Curso Robot Framework/results/geckodriver-113.log</msg>
<status status="PASS" starttime="20210614 19:34:47.150" endtime="20210614 19:34:51.746"/>
</kw>
<status status="PASS" starttime="20210614 19:34:47.150" endtime="20210614 19:34:51.747"/>
</kw>
<kw name="Acessar a página inicial do site" library="Resource">
<kw name="Go To" library="SeleniumLibrary">
<arg>${URL}</arg>
<doc>Navigates the current browser window to the provided ``url``.</doc>
<msg timestamp="20210614 19:34:51.750" level="INFO">Opening url 'http://automationpractice.com/'</msg>
<status status="PASS" starttime="20210614 19:34:51.749" endtime="20210614 19:34:55.026"/>
</kw>
<kw name="Title Should Be" library="SeleniumLibrary">
<arg>My Store</arg>
<doc>Verifies that the current page title equals ``title``.</doc>
<msg timestamp="20210614 19:34:55.036" level="INFO">Page title is 'My Store'.</msg>
<status status="PASS" starttime="20210614 19:34:55.027" endtime="20210614 19:34:55.036"/>
</kw>
<status status="PASS" starttime="20210614 19:34:51.748" endtime="20210614 19:34:55.037"/>
</kw>
<kw name="Clicar no ícone carrinho de compras no menu superior direito" library="Resource">
<kw name="Click Link" library="SeleniumLibrary">
<arg>xpath=//*[@id="header"]/div[3]/div/div/div[3]/div/a</arg>
<doc>Clicks a link identified by ``locator``.</doc>
<msg timestamp="20210614 19:34:55.038" level="INFO">Clicking link 'xpath=//*[@id="header"]/div[3]/div/div/div[3]/div/a'.</msg>
<status status="PASS" starttime="20210614 19:34:55.038" endtime="20210614 19:34:56.334"/>
</kw>
<status status="PASS" starttime="20210614 19:34:55.037" endtime="20210614 19:34:56.334"/>
</kw>
<kw name="Coferir se o Carrinho está vazio" library="Resource">
<kw name="Current Frame Should Contain" library="SeleniumLibrary">
<arg>Your shopping cart is empty.</arg>
<arg>class=alert alert-warning</arg>
<doc>Verifies that the current frame contains ``text``.</doc>
<msg timestamp="20210614 19:34:56.365" level="INFO">Current frame contains text 'Your shopping cart is empty.'.</msg>
<status status="PASS" starttime="20210614 19:34:56.336" endtime="20210614 19:34:56.365"/>
</kw>
<status status="PASS" starttime="20210614 19:34:56.334" endtime="20210614 19:34:56.366"/>
</kw>
<kw name="Fechar o navegador" library="Resource" type="TEARDOWN">
<kw name="Close Browser" library="SeleniumLibrary">
<doc>Closes the current browser.</doc>
<status status="PASS" starttime="20210614 19:34:56.366" endtime="20210614 19:34:57.140"/>
</kw>
<status status="PASS" starttime="20210614 19:34:56.366" endtime="20210614 19:34:57.140"/>
</kw>
<status status="PASS" starttime="20210614 19:34:47.149" endtime="20210614 19:34:57.140"/>
</test>
<test id="s1-t6" name="Caso de Teste 06: Adicionar Cliente">
<kw name="Abrir o navegador" library="Resource" type="SETUP">
<kw name="Open Browser" library="SeleniumLibrary">
<arg>about:blank</arg>
<arg>${BROWSER}</arg>
<doc>Opens a new browser instance to the optional ``url``.</doc>
<msg timestamp="20210614 19:34:57.142" level="INFO">Opening browser 'firefox' to base url 'about:blank'.</msg>
<msg timestamp="20210614 19:34:57.143" level="INFO">Firefox driver log is always forced to to: /home/brenoalves/Documentos/Curso Robot Framework/results/geckodriver-114.log</msg>
<status status="PASS" starttime="20210614 19:34:57.142" endtime="20210614 19:35:02.189"/>
</kw>
<status status="PASS" starttime="20210614 19:34:57.142" endtime="20210614 19:35:02.190"/>
</kw>
<kw name="Acessar a página inicial do site" library="Resource">
<kw name="Go To" library="SeleniumLibrary">
<arg>${URL}</arg>
<doc>Navigates the current browser window to the provided ``url``.</doc>
<msg timestamp="20210614 19:35:02.193" level="INFO">Opening url 'http://automationpractice.com/'</msg>
<status status="PASS" starttime="20210614 19:35:02.192" endtime="20210614 19:35:06.682"/>
</kw>
<kw name="Title Should Be" library="SeleniumLibrary">
<arg>My Store</arg>
<doc>Verifies that the current page title equals ``title``.</doc>
<msg timestamp="20210614 19:35:06.783" level="INFO">Page title is 'My Store'.</msg>
<status status="PASS" starttime="20210614 19:35:06.682" endtime="20210614 19:35:06.783"/>
</kw>
<status status="PASS" starttime="20210614 19:35:02.191" endtime="20210614 19:35:06.783"/>
</kw>
<kw name="Clicar no botão superior direito “Sign in”" library="Resource" sourcename="Clicar no botão superior direito “${LOGIN}”">
<kw name="Click Link" library="SeleniumLibrary">
<arg>xpath=//*[@id="header"]/div[2]/div/div/nav/div[1]/a</arg>
<doc>Clicks a link identified by ``locator``.</doc>
<msg timestamp="20210614 19:35:06.786" level="INFO">Clicking link 'xpath=//*[@id="header"]/div[2]/div/div/nav/div[1]/a'.</msg>
<status status="PASS" starttime="20210614 19:35:06.785" endtime="20210614 19:35:08.428"/>
</kw>
<status status="PASS" starttime="20210614 19:35:06.784" endtime="20210614 19:35:08.428"/>
</kw>
<kw name="Inserir um e-mail válido" library="Resource">
<kw name="Wait Until Element Contains" library="SeleniumLibrary">
<arg>id=create-account_form</arg>
<doc>Waits until the element ``locator`` contains ``text``.</doc>
<msg timestamp="20210614 19:35:08.430" level="FAIL">Keyword 'SeleniumLibrary.Wait Until Element Contains' expected 2 to 4 arguments, got 1.</msg>
<status status="FAIL" starttime="20210614 19:35:08.430" endtime="20210614 19:35:08.431"/>
</kw>
<kw name="Input Text" library="SeleniumLibrary">
<arg>id=email_create</arg>
<arg>breno@testrobot.com</arg>
<doc>Types the given ``text`` into the text field identified by ``locator``.</doc>
<status status="NOT RUN" starttime="20210614 19:35:08.432" endtime="20210614 19:35:08.432"/>
</kw>
<status status="FAIL" starttime="20210614 19:35:08.429" endtime="20210614 19:35:08.433"/>
</kw>
<kw name="Fechar o navegador" library="Resource" type="TEARDOWN">
<kw name="Close Browser" library="SeleniumLibrary">
<doc>Closes the current browser.</doc>
<status status="PASS" starttime="20210614 19:35:08.434" endtime="20210614 19:35:09.226"/>
</kw>
<status status="PASS" starttime="20210614 19:35:08.433" endtime="20210614 19:35:09.226"/>
</kw>
<status status="FAIL" starttime="20210614 19:34:57.141" endtime="20210614 19:35:09.226">Keyword 'SeleniumLibrary.Wait Until Element Contains' expected 2 to 4 arguments, got 1.</status>
</test>
<status status="FAIL" starttime="20210614 19:34:01.556" endtime="20210614 19:35:09.228"/>
</suite>
<statistics>
<total>
<stat pass="5" fail="1" skip="0">All Tests</stat>
</total>
<tag>
</tag>
<suite>
<stat pass="5" fail="1" skip="0" id="s1" name="TestProcedural">TestProcedural</stat>
</suite>
</statistics>
<errors>
</errors>
</robot>
